2023-01-30 10:58:30,530 INFO osmnx Configured OSMnx
2023-01-30 13:50:17,445 INFO osmnx Configured OSMnx
2023-01-30 14:07:03,938 INFO osmnx Configured OSMnx
2023-01-30 14:11:27,014 INFO osmnx Configured OSMnx
2023-01-30 14:39:30,554 INFO osmnx Configured OSMnx
2023-01-30 15:47:09,238 INFO osmnx Configured OSMnx
2023-01-30 15:53:25,880 INFO osmnx Configured OSMnx
2023-01-30 15:53:50,937 INFO osmnx Configured OSMnx
2023-01-30 15:55:25,282 INFO osmnx Configured OSMnx
2023-01-30 15:55:39,034 INFO osmnx Configured OSMnx
2023-01-30 15:56:14,296 INFO osmnx Configured OSMnx
2023-01-30 15:56:43,408 INFO osmnx Configured OSMnx
2023-01-30 15:57:07,640 INFO osmnx Configured OSMnx
2023-01-30 15:57:14,285 INFO osmnx Begin topologically simplifying the graph...
2023-01-30 15:57:14,289 INFO osmnx Identified 6 edge endpoints
2023-01-30 15:57:14,303 INFO osmnx Simplified graph: 232 to 6 nodes, 460 to 8 edges
2023-01-30 15:57:17,501 INFO osmnx Begin topologically simplifying the graph...
2023-01-30 15:57:17,507 INFO osmnx Identified 10 edge endpoints
2023-01-30 15:57:17,532 INFO osmnx Simplified graph: 486 to 10 nodes, 970 to 18 edges
2023-01-30 15:57:32,823 INFO osmnx Begin topologically simplifying the graph...
2023-01-30 15:57:32,912 INFO osmnx Identified 12 edge endpoints
2023-01-30 15:57:32,943 INFO osmnx Simplified graph: 606 to 12 nodes, 1212 to 24 edges
2023-01-30 15:57:49,661 INFO osmnx Begin topologically simplifying the graph...
2023-01-30 15:57:49,677 INFO osmnx Identified 15 edge endpoints
2023-01-30 15:57:49,718 INFO osmnx Simplified graph: 856 to 15 nodes, 1712 to 30 edges
2023-01-30 15:58:11,653 INFO osmnx Begin topologically simplifying the graph...
2023-01-30 15:58:11,668 INFO osmnx Identified 17 edge endpoints
2023-01-30 15:58:11,721 INFO osmnx Simplified graph: 1000 to 17 nodes, 2000 to 34 edges
2023-01-30 15:58:22,616 INFO osmnx Configured OSMnx
2023-01-30 15:58:29,145 INFO osmnx Begin topologically simplifying the graph...
2023-01-30 15:58:29,148 INFO osmnx Identified 6 edge endpoints
2023-01-30 15:58:29,162 INFO osmnx Simplified graph: 232 to 6 nodes, 460 to 8 edges
2023-01-30 15:58:29,169 INFO osmnx Begin topologically simplifying the graph...
2023-01-30 15:58:29,173 INFO osmnx Identified 6 edge endpoints
2023-01-30 15:58:29,184 INFO osmnx Simplified graph: 232 to 6 nodes, 460 to 8 edges
2023-01-30 16:00:40,255 INFO osmnx Configured OSMnx
2023-01-30 16:00:46,762 INFO osmnx Begin topologically simplifying the graph...
2023-01-30 16:00:46,766 INFO osmnx Identified 6 edge endpoints
2023-01-30 16:00:46,779 INFO osmnx Simplified graph: 232 to 6 nodes, 460 to 8 edges
2023-01-30 16:00:49,906 INFO osmnx Begin topologically simplifying the graph...
2023-01-30 16:00:49,913 INFO osmnx Identified 10 edge endpoints
2023-01-30 16:00:49,937 INFO osmnx Simplified graph: 486 to 10 nodes, 970 to 18 edges
2023-01-30 16:01:05,074 INFO osmnx Begin topologically simplifying the graph...
2023-01-30 16:01:05,084 INFO osmnx Identified 12 edge endpoints
2023-01-30 16:01:05,114 INFO osmnx Simplified graph: 606 to 12 nodes, 1212 to 24 edges
2023-01-30 16:01:21,803 INFO osmnx Begin topologically simplifying the graph...
2023-01-30 16:01:21,820 INFO osmnx Identified 15 edge endpoints
2023-01-30 16:01:21,870 INFO osmnx Simplified graph: 856 to 15 nodes, 1712 to 30 edges
2023-01-30 16:01:43,706 INFO osmnx Begin topologically simplifying the graph...
2023-01-30 16:01:43,724 INFO osmnx Identified 17 edge endpoints
2023-01-30 16:01:43,773 INFO osmnx Simplified graph: 1000 to 17 nodes, 2000 to 34 edges
2023-01-30 16:02:07,615 INFO osmnx Begin topologically simplifying the graph...
2023-01-30 16:02:07,630 INFO osmnx Identified 21 edge endpoints
2023-01-30 16:02:07,690 INFO osmnx Simplified graph: 1173 to 21 nodes, 2344 to 40 edges
2023-01-30 16:02:48,264 INFO osmnx Begin topologically simplifying the graph...
2023-01-30 16:02:48,285 INFO osmnx Identified 27 edge endpoints
2023-01-30 16:02:48,355 INFO osmnx Simplified graph: 1404 to 27 nodes, 2806 to 52 edges
2023-01-30 16:05:04,781 INFO osmnx Configured OSMnx
2023-01-30 16:05:11,414 INFO osmnx Begin topologically simplifying the graph...
2023-01-30 16:05:11,419 INFO osmnx Identified 6 edge endpoints
2023-01-30 16:05:11,433 INFO osmnx Simplified graph: 232 to 6 nodes, 460 to 8 edges
2023-01-30 16:05:14,450 INFO osmnx Begin topologically simplifying the graph...
2023-01-30 16:05:14,457 INFO osmnx Identified 10 edge endpoints
2023-01-30 16:05:14,482 INFO osmnx Simplified graph: 486 to 10 nodes, 970 to 18 edges
2023-01-30 16:05:29,724 INFO osmnx Begin topologically simplifying the graph...
2023-01-30 16:05:29,733 INFO osmnx Identified 12 edge endpoints
2023-01-30 16:05:29,763 INFO osmnx Simplified graph: 606 to 12 nodes, 1212 to 24 edges
2023-01-30 16:05:46,838 INFO osmnx Begin topologically simplifying the graph...
2023-01-30 16:05:46,850 INFO osmnx Identified 15 edge endpoints
2023-01-30 16:05:46,894 INFO osmnx Simplified graph: 856 to 15 nodes, 1712 to 30 edges
2023-01-30 16:05:56,866 INFO osmnx Configured OSMnx
2023-01-30 16:06:03,550 INFO osmnx Begin topologically simplifying the graph...
2023-01-30 16:06:03,554 INFO osmnx Identified 6 edge endpoints
2023-01-30 16:06:03,568 INFO osmnx Simplified graph: 232 to 6 nodes, 460 to 8 edges
2023-01-30 16:06:06,585 INFO osmnx Begin topologically simplifying the graph...
2023-01-30 16:06:06,591 INFO osmnx Identified 10 edge endpoints
2023-01-30 16:06:06,616 INFO osmnx Simplified graph: 486 to 10 nodes, 970 to 18 edges
2023-01-30 16:06:22,299 INFO osmnx Begin topologically simplifying the graph...
2023-01-30 16:06:22,309 INFO osmnx Identified 12 edge endpoints
2023-01-30 16:06:22,340 INFO osmnx Simplified graph: 606 to 12 nodes, 1212 to 24 edges
2023-01-30 16:06:39,145 INFO osmnx Begin topologically simplifying the graph...
2023-01-30 16:06:39,158 INFO osmnx Identified 15 edge endpoints
2023-01-30 16:06:39,204 INFO osmnx Simplified graph: 856 to 15 nodes, 1712 to 30 edges
2023-01-30 16:07:00,878 INFO osmnx Begin topologically simplifying the graph...
2023-01-30 16:07:00,893 INFO osmnx Identified 17 edge endpoints
2023-01-30 16:07:00,948 INFO osmnx Simplified graph: 1000 to 17 nodes, 2000 to 34 edges
2023-01-30 16:07:25,928 INFO osmnx Begin topologically simplifying the graph...
2023-01-30 16:07:25,944 INFO osmnx Identified 21 edge endpoints
2023-01-30 16:07:26,005 INFO osmnx Simplified graph: 1173 to 21 nodes, 2344 to 40 edges
2023-01-30 16:07:41,678 INFO osmnx Configured OSMnx
2023-01-30 16:09:04,138 INFO osmnx Configured OSMnx
2023-01-30 16:09:19,071 INFO osmnx Configured OSMnx
2023-01-30 16:09:24,151 INFO osmnx Configured OSMnx
2023-01-30 16:09:41,216 INFO osmnx Configured OSMnx
2023-01-30 16:12:50,888 INFO osmnx Begin topologically simplifying the graph...
2023-01-30 16:12:51,323 INFO osmnx Identified 2593 edge endpoints
2023-01-30 16:12:52,655 INFO osmnx Simplified graph: 19501 to 2593 nodes, 39684 to 5868 edges
2023-01-30 16:15:07,051 INFO osmnx Begin topologically simplifying the graph...
2023-01-30 16:15:07,867 INFO osmnx Identified 7714 edge endpoints
2023-01-30 16:15:10,657 INFO osmnx Simplified graph: 35660 to 7714 nodes, 78648 to 22756 edges
2023-01-30 16:16:55,480 INFO osmnx Begin topologically simplifying the graph...
2023-01-30 16:16:55,973 INFO osmnx Identified 3486 edge endpoints
2023-01-30 16:16:57,345 INFO osmnx Simplified graph: 22201 to 3486 nodes, 45172 to 7742 edges
2023-01-30 16:19:14,483 INFO osmnx Begin topologically simplifying the graph...
2023-01-30 16:19:15,661 INFO osmnx Identified 9494 edge endpoints
2023-01-30 16:19:19,065 INFO osmnx Simplified graph: 43917 to 9494 nodes, 97268 to 28422 edges
2023-01-30 16:25:46,641 INFO osmnx Configured OSMnx
2023-01-30 16:38:27,238 INFO osmnx Begin topologically simplifying the graph...
2023-01-30 16:38:27,561 INFO osmnx Identified 2593 edge endpoints
2023-01-30 16:38:28,770 INFO osmnx Simplified graph: 19501 to 2593 nodes, 39684 to 5868 edges
2023-01-30 16:40:50,980 INFO osmnx Begin topologically simplifying the graph...
2023-01-30 16:40:52,164 INFO osmnx Identified 7714 edge endpoints
2023-01-30 16:40:54,896 INFO osmnx Simplified graph: 35660 to 7714 nodes, 78648 to 22756 edges
2023-01-30 16:42:41,534 INFO osmnx Begin topologically simplifying the graph...
2023-01-30 16:42:42,264 INFO osmnx Identified 3486 edge endpoints
2023-01-30 16:42:43,712 INFO osmnx Simplified graph: 22201 to 3486 nodes, 45172 to 7742 edges
2023-01-30 16:45:06,074 INFO osmnx Begin topologically simplifying the graph...
2023-01-30 16:45:07,286 INFO osmnx Identified 9494 edge endpoints
2023-01-30 16:45:10,434 INFO osmnx Simplified graph: 43917 to 9494 nodes, 97268 to 28422 edges
2023-01-30 16:48:29,653 INFO osmnx Begin topologically simplifying the graph...
2023-01-30 16:48:29,825 INFO osmnx Identified 1007 edge endpoints
2023-01-30 16:48:30,431 INFO osmnx Simplified graph: 10428 to 1007 nodes, 21064 to 2222 edges
2023-01-30 16:49:46,201 INFO osmnx Begin topologically simplifying the graph...
2023-01-30 16:49:46,363 INFO osmnx Identified 2133 edge endpoints
2023-01-30 16:49:47,026 INFO osmnx Simplified graph: 10835 to 2133 nodes, 21142 to 3738 edges
2023-01-30 16:52:41,042 INFO osmnx Configured OSMnx
2023-01-30 16:52:52,083 INFO osmnx Configured OSMnx
2023-01-30 16:54:21,653 INFO osmnx Configured OSMnx
2023-01-30 16:54:26,621 INFO osmnx Begin topologically simplifying the graph...
2023-01-30 16:54:26,624 INFO osmnx Identified 6 edge endpoints
2023-01-30 16:54:26,639 INFO osmnx Simplified graph: 232 to 6 nodes, 460 to 8 edges
2023-01-30 16:54:29,137 INFO osmnx Begin topologically simplifying the graph...
2023-01-30 16:54:29,145 INFO osmnx Identified 10 edge endpoints
2023-01-30 16:54:29,170 INFO osmnx Simplified graph: 486 to 10 nodes, 970 to 18 edges
2023-01-30 16:54:44,139 INFO osmnx Configured OSMnx
2023-01-30 16:55:15,336 INFO osmnx Configured OSMnx
2023-01-30 16:55:30,630 INFO osmnx Begin topologically simplifying the graph...
2023-01-30 16:55:30,635 INFO osmnx Identified 4 edge endpoints
2023-01-30 16:55:30,655 INFO osmnx Simplified graph: 326 to 4 nodes, 650 to 6 edges
2023-01-30 16:55:37,466 INFO osmnx Begin topologically simplifying the graph...
2023-01-30 16:55:37,475 INFO osmnx Identified 8 edge endpoints
2023-01-30 16:55:37,511 INFO osmnx Simplified graph: 624 to 8 nodes, 1248 to 16 edges
2023-01-30 16:55:58,127 INFO osmnx Begin topologically simplifying the graph...
2023-01-30 16:55:58,139 INFO osmnx Identified 10 edge endpoints
2023-01-30 16:55:58,181 INFO osmnx Simplified graph: 821 to 10 nodes, 1642 to 20 edges
2023-01-30 16:56:21,726 INFO osmnx Begin topologically simplifying the graph...
2023-01-30 16:56:21,743 INFO osmnx Identified 14 edge endpoints
2023-01-30 16:56:21,798 INFO osmnx Simplified graph: 1081 to 14 nodes, 2162 to 28 edges
2023-01-30 16:56:50,823 INFO osmnx Begin topologically simplifying the graph...
2023-01-30 16:56:50,840 INFO osmnx Identified 14 edge endpoints
2023-01-30 16:56:50,900 INFO osmnx Simplified graph: 1247 to 14 nodes, 2494 to 28 edges
2023-01-30 16:57:24,346 INFO osmnx Begin topologically simplifying the graph...
2023-01-30 16:57:24,367 INFO osmnx Identified 24 edge endpoints
2023-01-30 16:57:24,438 INFO osmnx Simplified graph: 1417 to 24 nodes, 2840 to 54 edges
2023-01-30 16:57:57,760 INFO osmnx Begin topologically simplifying the graph...
2023-01-30 16:57:57,786 INFO osmnx Identified 30 edge endpoints
2023-01-30 16:57:57,882 INFO osmnx Simplified graph: 1852 to 30 nodes, 3712 to 68 edges
2023-01-30 16:58:33,646 INFO osmnx Begin topologically simplifying the graph...
2023-01-30 16:58:33,676 INFO osmnx Identified 32 edge endpoints
2023-01-30 16:58:33,777 INFO osmnx Simplified graph: 1954 to 32 nodes, 3916 to 72 edges
2023-01-30 16:59:12,230 INFO osmnx Begin topologically simplifying the graph...
2023-01-30 16:59:12,261 INFO osmnx Identified 38 edge endpoints
2023-01-30 16:59:12,367 INFO osmnx Simplified graph: 2173 to 38 nodes, 4354 to 84 edges
2023-01-30 16:59:51,724 INFO osmnx Begin topologically simplifying the graph...
2023-01-30 16:59:51,761 INFO osmnx Identified 46 edge endpoints
2023-01-30 16:59:51,889 INFO osmnx Simplified graph: 2583 to 46 nodes, 5174 to 100 edges
2023-01-30 17:00:36,360 INFO osmnx Begin topologically simplifying the graph...
2023-01-30 17:00:36,397 INFO osmnx Identified 46 edge endpoints
2023-01-30 17:00:36,532 INFO osmnx Simplified graph: 2630 to 46 nodes, 5268 to 100 edges
2023-01-30 19:20:40,967 INFO osmnx Begin topologically simplifying the graph...
2023-01-30 19:20:40,973 INFO osmnx Identified 4 edge endpoints
2023-01-30 19:20:40,993 INFO osmnx Simplified graph: 326 to 4 nodes, 650 to 6 edges
2023-01-30 19:20:47,845 INFO osmnx Begin topologically simplifying the graph...
2023-01-30 19:20:47,854 INFO osmnx Identified 8 edge endpoints
2023-01-30 19:20:47,893 INFO osmnx Simplified graph: 624 to 8 nodes, 1248 to 16 edges
2023-01-30 19:21:08,828 INFO osmnx Begin topologically simplifying the graph...
2023-01-30 19:21:08,841 INFO osmnx Identified 10 edge endpoints
2023-01-30 19:21:08,880 INFO osmnx Simplified graph: 821 to 10 nodes, 1642 to 20 edges
2023-01-30 19:21:32,270 INFO osmnx Begin topologically simplifying the graph...
2023-01-30 19:21:32,285 INFO osmnx Identified 14 edge endpoints
2023-01-30 19:21:32,338 INFO osmnx Simplified graph: 1081 to 14 nodes, 2162 to 28 edges
2023-01-30 19:22:01,774 INFO osmnx Begin topologically simplifying the graph...
2023-01-30 19:22:01,792 INFO osmnx Identified 14 edge endpoints
2023-01-30 19:22:01,852 INFO osmnx Simplified graph: 1247 to 14 nodes, 2494 to 28 edges
2023-01-30 19:22:34,292 INFO osmnx Begin topologically simplifying the graph...
2023-01-30 19:22:34,311 INFO osmnx Identified 24 edge endpoints
2023-01-30 19:22:34,378 INFO osmnx Simplified graph: 1417 to 24 nodes, 2840 to 54 edges
2023-01-30 19:23:07,001 INFO osmnx Begin topologically simplifying the graph...
2023-01-30 19:23:07,027 INFO osmnx Identified 30 edge endpoints
2023-01-30 19:23:07,118 INFO osmnx Simplified graph: 1852 to 30 nodes, 3712 to 68 edges
2023-01-30 19:23:42,991 INFO osmnx Begin topologically simplifying the graph...
2023-01-30 19:23:43,021 INFO osmnx Identified 32 edge endpoints
2023-01-30 19:23:43,116 INFO osmnx Simplified graph: 1954 to 32 nodes, 3916 to 72 edges
2023-01-30 19:24:20,004 INFO osmnx Begin topologically simplifying the graph...
2023-01-30 19:24:20,034 INFO osmnx Identified 38 edge endpoints
2023-01-30 19:24:20,138 INFO osmnx Simplified graph: 2173 to 38 nodes, 4354 to 84 edges
2023-01-30 19:24:58,841 INFO osmnx Begin topologically simplifying the graph...
2023-01-30 19:24:58,877 INFO osmnx Identified 46 edge endpoints
2023-01-30 19:24:59,005 INFO osmnx Simplified graph: 2583 to 46 nodes, 5174 to 100 edges
2023-01-30 19:25:42,199 INFO osmnx Begin topologically simplifying the graph...
2023-01-30 19:25:42,241 INFO osmnx Identified 46 edge endpoints
2023-01-30 19:25:42,368 INFO osmnx Simplified graph: 2630 to 46 nodes, 5268 to 100 edges
2023-01-30 19:26:26,607 INFO osmnx Begin topologically simplifying the graph...
2023-01-30 19:26:26,998 INFO osmnx Identified 49 edge endpoints
2023-01-30 19:26:27,133 INFO osmnx Simplified graph: 2809 to 49 nodes, 5628 to 108 edges
2023-01-30 19:27:12,335 INFO osmnx Begin topologically simplifying the graph...
2023-01-30 19:27:12,378 INFO osmnx Identified 51 edge endpoints
2023-01-30 19:27:12,528 INFO osmnx Simplified graph: 2989 to 51 nodes, 5990 to 114 edges
2023-01-30 19:27:58,611 INFO osmnx Begin topologically simplifying the graph...
2023-01-30 19:27:58,663 INFO osmnx Identified 59 edge endpoints
2023-01-30 19:27:58,820 INFO osmnx Simplified graph: 3170 to 59 nodes, 6356 to 134 edges
2023-01-30 19:28:45,844 INFO osmnx Begin topologically simplifying the graph...
2023-01-30 19:28:45,901 INFO osmnx Identified 75 edge endpoints
2023-01-30 19:28:46,077 INFO osmnx Simplified graph: 3465 to 75 nodes, 6964 to 184 edges
2023-01-30 19:29:35,454 INFO osmnx Begin topologically simplifying the graph...
2023-01-30 19:29:35,512 INFO osmnx Identified 77 edge endpoints
2023-01-30 19:29:35,691 INFO osmnx Simplified graph: 3588 to 77 nodes, 7214 to 192 edges
2023-01-30 19:30:24,783 INFO osmnx Begin topologically simplifying the graph...
2023-01-30 19:30:24,845 INFO osmnx Identified 85 edge endpoints
2023-01-30 19:30:25,045 INFO osmnx Simplified graph: 3816 to 85 nodes, 7676 to 214 edges
2023-01-30 19:31:15,700 INFO osmnx Begin topologically simplifying the graph...
2023-01-30 19:31:15,763 INFO osmnx Identified 97 edge endpoints
2023-01-30 19:31:15,976 INFO osmnx Simplified graph: 3999 to 97 nodes, 8054 to 250 edges
2023-01-30 19:32:07,513 INFO osmnx Begin topologically simplifying the graph...
2023-01-30 19:32:07,576 INFO osmnx Identified 97 edge endpoints
2023-01-30 19:32:07,775 INFO osmnx Simplified graph: 3999 to 97 nodes, 8054 to 250 edges
2023-01-30 19:32:58,904 INFO osmnx Begin topologically simplifying the graph...
2023-01-30 19:32:58,965 INFO osmnx Identified 101 edge endpoints
2023-01-30 19:32:59,172 INFO osmnx Simplified graph: 4192 to 101 nodes, 8446 to 264 edges
2023-01-30 19:33:51,964 INFO osmnx Begin topologically simplifying the graph...
2023-01-30 19:33:52,030 INFO osmnx Identified 105 edge endpoints
2023-01-30 19:33:52,246 INFO osmnx Simplified graph: 4332 to 105 nodes, 8730 to 276 edges
2023-01-30 19:34:45,928 INFO osmnx Begin topologically simplifying the graph...
2023-01-30 19:34:45,999 INFO osmnx Identified 115 edge endpoints
2023-01-30 19:34:46,221 INFO osmnx Simplified graph: 4426 to 115 nodes, 8928 to 306 edges
2023-01-30 19:35:40,694 INFO osmnx Begin topologically simplifying the graph...
2023-01-30 19:35:40,762 INFO osmnx Identified 120 edge endpoints
2023-01-30 19:35:40,992 INFO osmnx Simplified graph: 4630 to 120 nodes, 9342 to 322 edges
2023-01-30 19:36:36,637 INFO osmnx Begin topologically simplifying the graph...
2023-01-30 19:36:37,056 INFO osmnx Identified 120 edge endpoints
2023-01-30 19:36:37,291 INFO osmnx Simplified graph: 4630 to 120 nodes, 9342 to 322 edges
2023-01-30 19:37:33,313 INFO osmnx Begin topologically simplifying the graph...
2023-01-30 19:37:33,391 INFO osmnx Identified 140 edge endpoints
2023-01-30 19:37:33,631 INFO osmnx Simplified graph: 4806 to 140 nodes, 9712 to 380 edges
2023-01-30 19:38:30,452 INFO osmnx Begin topologically simplifying the graph...
2023-01-30 19:38:30,525 INFO osmnx Identified 149 edge endpoints
2023-01-30 19:38:30,783 INFO osmnx Simplified graph: 4952 to 149 nodes, 10014 to 408 edges
2023-01-30 19:39:28,797 INFO osmnx Begin topologically simplifying the graph...
2023-01-30 19:39:29,244 INFO osmnx Identified 153 edge endpoints
2023-01-30 19:39:29,499 INFO osmnx Simplified graph: 5072 to 153 nodes, 10258 to 420 edges
2023-01-30 19:40:28,464 INFO osmnx Begin topologically simplifying the graph...
2023-01-30 19:40:28,551 INFO osmnx Identified 156 edge endpoints
2023-01-30 19:40:28,824 INFO osmnx Simplified graph: 5157 to 156 nodes, 10432 to 430 edges
2023-01-30 19:41:30,263 INFO osmnx Begin topologically simplifying the graph...
2023-01-30 19:41:30,349 INFO osmnx Identified 162 edge endpoints
2023-01-30 19:41:30,634 INFO osmnx Simplified graph: 5302 to 162 nodes, 10730 to 450 edges
2023-01-30 19:42:34,366 INFO osmnx Begin topologically simplifying the graph...
2023-01-30 19:42:34,452 INFO osmnx Identified 168 edge endpoints
2023-01-30 19:42:34,731 INFO osmnx Simplified graph: 5414 to 168 nodes, 10960 to 468 edges
2023-01-30 19:43:39,392 INFO osmnx Begin topologically simplifying the graph...
2023-01-30 19:43:39,478 INFO osmnx Identified 174 edge endpoints
2023-01-30 19:43:39,801 INFO osmnx Simplified graph: 5522 to 174 nodes, 11182 to 486 edges
2023-01-30 19:44:47,468 INFO osmnx Begin topologically simplifying the graph...
2023-01-30 19:44:47,934 INFO osmnx Identified 196 edge endpoints
2023-01-30 19:44:48,256 INFO osmnx Simplified graph: 5851 to 196 nodes, 11864 to 554 edges
2023-01-30 19:45:56,960 INFO osmnx Begin topologically simplifying the graph...
2023-01-30 19:45:57,056 INFO osmnx Identified 196 edge endpoints
2023-01-30 19:45:57,378 INFO osmnx Simplified graph: 5851 to 196 nodes, 11864 to 554 edges
2023-01-30 19:47:05,788 INFO osmnx Begin topologically simplifying the graph...
2023-01-30 19:47:05,882 INFO osmnx Identified 196 edge endpoints
2023-01-30 19:47:06,208 INFO osmnx Simplified graph: 5851 to 196 nodes, 11864 to 554 edges
2023-01-30 19:48:15,060 INFO osmnx Begin topologically simplifying the graph...
2023-01-30 19:48:15,162 INFO osmnx Identified 223 edge endpoints
2023-01-30 19:48:15,503 INFO osmnx Simplified graph: 6195 to 223 nodes, 12582 to 638 edges
2023-01-30 19:49:26,904 INFO osmnx Begin topologically simplifying the graph...
2023-01-30 19:49:27,006 INFO osmnx Identified 223 edge endpoints
2023-01-30 19:49:27,357 INFO osmnx Simplified graph: 6195 to 223 nodes, 12582 to 638 edges
2023-01-30 19:50:38,685 INFO osmnx Begin topologically simplifying the graph...
2023-01-30 19:50:38,787 INFO osmnx Identified 251 edge endpoints
2023-01-30 19:50:39,133 INFO osmnx Simplified graph: 6608 to 251 nodes, 13442 to 728 edges
2023-01-30 19:51:55,826 INFO osmnx Begin topologically simplifying the graph...
2023-01-30 19:51:56,336 INFO osmnx Identified 251 edge endpoints
2023-01-30 19:51:56,701 INFO osmnx Simplified graph: 6608 to 251 nodes, 13442 to 728 edges
2023-01-30 19:53:11,269 INFO osmnx Begin topologically simplifying the graph...
2023-01-30 19:53:11,378 INFO osmnx Identified 251 edge endpoints
2023-01-30 19:53:11,753 INFO osmnx Simplified graph: 6608 to 251 nodes, 13442 to 728 edges
2023-01-30 19:54:26,659 INFO osmnx Begin topologically simplifying the graph...
2023-01-30 19:54:26,768 INFO osmnx Identified 251 edge endpoints
2023-01-30 19:54:27,526 INFO osmnx Simplified graph: 6608 to 251 nodes, 13442 to 728 edges
2023-01-30 19:55:42,031 INFO osmnx Begin topologically simplifying the graph...
2023-01-30 19:55:42,075 INFO osmnx Identified 60 edge endpoints
2023-01-30 19:55:42,228 INFO osmnx Simplified graph: 2880 to 60 nodes, 5768 to 128 edges
2023-01-30 19:56:50,327 INFO osmnx Begin topologically simplifying the graph...
2023-01-30 19:56:50,332 INFO osmnx Identified 6 edge endpoints
2023-01-30 19:56:50,344 INFO osmnx Simplified graph: 232 to 6 nodes, 460 to 8 edges
2023-01-30 19:56:53,549 INFO osmnx Begin topologically simplifying the graph...
2023-01-30 19:56:53,557 INFO osmnx Identified 10 edge endpoints
2023-01-30 19:56:53,583 INFO osmnx Simplified graph: 486 to 10 nodes, 970 to 18 edges
2023-01-30 19:57:09,708 INFO osmnx Begin topologically simplifying the graph...
2023-01-30 19:57:09,717 INFO osmnx Identified 12 edge endpoints
2023-01-30 19:57:09,752 INFO osmnx Simplified graph: 606 to 12 nodes, 1212 to 24 edges
2023-01-30 19:57:27,225 INFO osmnx Begin topologically simplifying the graph...
2023-01-30 19:57:27,237 INFO osmnx Identified 15 edge endpoints
2023-01-30 19:57:27,283 INFO osmnx Simplified graph: 856 to 15 nodes, 1712 to 30 edges
2023-01-30 19:57:50,042 INFO osmnx Begin topologically simplifying the graph...
2023-01-30 19:57:50,057 INFO osmnx Identified 17 edge endpoints
2023-01-30 19:57:50,108 INFO osmnx Simplified graph: 1000 to 17 nodes, 2000 to 34 edges
2023-01-30 19:58:14,751 INFO osmnx Begin topologically simplifying the graph...
2023-01-30 19:58:14,768 INFO osmnx Identified 21 edge endpoints
2023-01-30 19:58:14,830 INFO osmnx Simplified graph: 1173 to 21 nodes, 2344 to 40 edges
2023-01-30 19:58:57,080 INFO osmnx Begin topologically simplifying the graph...
2023-01-30 19:58:57,101 INFO osmnx Identified 27 edge endpoints
2023-01-30 19:58:57,173 INFO osmnx Simplified graph: 1404 to 27 nodes, 2806 to 52 edges
2023-01-30 19:59:50,214 INFO osmnx Begin topologically simplifying the graph...
2023-01-30 19:59:50,237 INFO osmnx Identified 27 edge endpoints
2023-01-30 19:59:50,320 INFO osmnx Simplified graph: 1518 to 27 nodes, 3036 to 54 edges
2023-01-30 20:00:24,155 INFO osmnx Begin topologically simplifying the graph...
2023-01-30 20:00:24,181 INFO osmnx Identified 28 edge endpoints
2023-01-30 20:00:24,274 INFO osmnx Simplified graph: 1727 to 28 nodes, 3460 to 62 edges
2023-01-30 20:00:57,553 INFO osmnx Begin topologically simplifying the graph...
2023-01-30 20:00:57,582 INFO osmnx Identified 38 edge endpoints
2023-01-30 20:00:57,690 INFO osmnx Simplified graph: 2028 to 38 nodes, 4066 to 86 edges
2023-01-30 20:01:33,613 INFO osmnx Begin topologically simplifying the graph...
2023-01-30 20:01:33,644 INFO osmnx Identified 38 edge endpoints
2023-01-30 20:01:33,752 INFO osmnx Simplified graph: 2028 to 38 nodes, 4066 to 86 edges
2023-01-30 20:02:09,160 INFO osmnx Begin topologically simplifying the graph...
2023-01-30 20:02:09,193 INFO osmnx Identified 40 edge endpoints
2023-01-30 20:02:09,306 INFO osmnx Simplified graph: 2148 to 40 nodes, 4306 to 90 edges
2023-01-30 20:02:46,650 INFO osmnx Begin topologically simplifying the graph...
2023-01-30 20:02:46,686 INFO osmnx Identified 44 edge endpoints
2023-01-30 20:02:46,812 INFO osmnx Simplified graph: 2377 to 44 nodes, 4766 to 100 edges
2023-01-30 20:03:26,863 INFO osmnx Begin topologically simplifying the graph...
2023-01-30 20:03:26,907 INFO osmnx Identified 50 edge endpoints
2023-01-30 20:03:27,049 INFO osmnx Simplified graph: 2651 to 50 nodes, 5316 to 114 edges
2023-01-30 20:04:08,932 INFO osmnx Begin topologically simplifying the graph...
2023-01-30 20:04:08,975 INFO osmnx Identified 56 edge endpoints
2023-01-30 20:04:09,124 INFO osmnx Simplified graph: 2802 to 56 nodes, 5622 to 130 edges
2023-01-30 20:04:51,852 INFO osmnx Begin topologically simplifying the graph...
2023-01-30 20:04:51,899 INFO osmnx Identified 62 edge endpoints
2023-01-30 20:04:52,056 INFO osmnx Simplified graph: 2953 to 62 nodes, 5932 to 150 edges
2023-01-30 20:05:34,538 INFO osmnx Begin topologically simplifying the graph...
2023-01-30 20:05:34,586 INFO osmnx Identified 69 edge endpoints
2023-01-30 20:05:34,754 INFO osmnx Simplified graph: 3099 to 69 nodes, 6230 to 170 edges
2023-01-30 20:06:18,384 INFO osmnx Begin topologically simplifying the graph...
2023-01-30 20:06:18,438 INFO osmnx Identified 75 edge endpoints
2023-01-30 20:06:18,613 INFO osmnx Simplified graph: 3278 to 75 nodes, 6590 to 184 edges
2023-01-30 20:07:03,783 INFO osmnx Begin topologically simplifying the graph...
2023-01-30 20:07:03,840 INFO osmnx Identified 77 edge endpoints
2023-01-30 20:07:04,022 INFO osmnx Simplified graph: 3371 to 77 nodes, 6776 to 188 edges
2023-01-30 20:07:51,187 INFO osmnx Begin topologically simplifying the graph...
2023-01-30 20:07:51,248 INFO osmnx Identified 81 edge endpoints
2023-01-30 20:07:51,447 INFO osmnx Simplified graph: 3688 to 81 nodes, 7418 to 204 edges
2023-01-30 20:08:41,778 INFO osmnx Begin topologically simplifying the graph...
2023-01-30 20:08:41,839 INFO osmnx Identified 89 edge endpoints
2023-01-30 20:08:42,047 INFO osmnx Simplified graph: 3826 to 89 nodes, 7702 to 228 edges
2023-01-30 20:09:32,334 INFO osmnx Begin topologically simplifying the graph...
2023-01-30 20:09:32,395 INFO osmnx Identified 89 edge endpoints
2023-01-30 20:09:32,607 INFO osmnx Simplified graph: 3826 to 89 nodes, 7702 to 228 edges
2023-01-30 20:10:22,330 INFO osmnx Begin topologically simplifying the graph...
2023-01-30 20:10:22,394 INFO osmnx Identified 91 edge endpoints
2023-01-30 20:10:22,605 INFO osmnx Simplified graph: 3871 to 91 nodes, 7794 to 234 edges
2023-01-30 20:11:13,495 INFO osmnx Begin topologically simplifying the graph...
2023-01-30 20:11:13,556 INFO osmnx Identified 95 edge endpoints
2023-01-30 20:11:13,770 INFO osmnx Simplified graph: 3907 to 95 nodes, 7870 to 246 edges
2023-01-30 20:12:04,552 INFO osmnx Begin topologically simplifying the graph...
2023-01-30 20:12:04,621 INFO osmnx Identified 107 edge endpoints
2023-01-30 20:12:04,849 INFO osmnx Simplified graph: 4197 to 107 nodes, 8462 to 282 edges
2023-01-30 20:12:57,661 INFO osmnx Begin topologically simplifying the graph...
2023-01-30 20:12:57,731 INFO osmnx Identified 107 edge endpoints
2023-01-30 20:12:57,969 INFO osmnx Simplified graph: 4197 to 107 nodes, 8462 to 282 edges
2023-01-30 20:13:51,443 INFO osmnx Begin topologically simplifying the graph...
2023-01-30 20:13:51,511 INFO osmnx Identified 113 edge endpoints
2023-01-30 20:13:51,751 INFO osmnx Simplified graph: 4266 to 113 nodes, 8606 to 300 edges
2023-01-30 20:14:45,357 INFO osmnx Begin topologically simplifying the graph...
2023-01-30 20:14:45,426 INFO osmnx Identified 119 edge endpoints
2023-01-30 20:14:45,663 INFO osmnx Simplified graph: 4369 to 119 nodes, 8818 to 318 edges
2023-01-30 20:15:39,493 INFO osmnx Begin topologically simplifying the graph...
2023-01-30 20:15:39,570 INFO osmnx Identified 139 edge endpoints
2023-01-30 20:15:39,827 INFO osmnx Simplified graph: 4562 to 139 nodes, 9224 to 378 edges
2023-01-30 20:16:34,857 INFO osmnx Begin topologically simplifying the graph...
2023-01-30 20:16:34,932 INFO osmnx Identified 139 edge endpoints
2023-01-30 20:16:35,183 INFO osmnx Simplified graph: 4562 to 139 nodes, 9224 to 378 edges
2023-01-30 20:17:30,516 INFO osmnx Begin topologically simplifying the graph...
2023-01-30 20:17:30,592 INFO osmnx Identified 155 edge endpoints
2023-01-30 20:17:30,858 INFO osmnx Simplified graph: 4666 to 155 nodes, 9448 to 426 edges
2023-01-30 20:18:27,234 INFO osmnx Begin topologically simplifying the graph...
2023-01-30 20:18:27,307 INFO osmnx Identified 155 edge endpoints
2023-01-30 20:18:27,553 INFO osmnx Simplified graph: 4666 to 155 nodes, 9448 to 426 edges
2023-01-30 20:19:21,264 INFO osmnx Begin topologically simplifying the graph...
2023-01-30 20:19:21,337 INFO osmnx Identified 171 edge endpoints
2023-01-30 20:19:21,590 INFO osmnx Simplified graph: 4803 to 171 nodes, 9738 to 474 edges
2023-01-30 20:20:15,877 INFO osmnx Begin topologically simplifying the graph...
2023-01-30 20:20:15,954 INFO osmnx Identified 171 edge endpoints
2023-01-30 20:20:16,215 INFO osmnx Simplified graph: 4803 to 171 nodes, 9738 to 474 edges
2023-01-30 20:21:10,818 INFO osmnx Begin topologically simplifying the graph...
2023-01-30 20:21:10,893 INFO osmnx Identified 173 edge endpoints
2023-01-30 20:21:11,151 INFO osmnx Simplified graph: 4848 to 173 nodes, 9830 to 480 edges
2023-01-30 20:22:06,578 INFO osmnx Begin topologically simplifying the graph...
2023-01-30 20:22:06,658 INFO osmnx Identified 180 edge endpoints
2023-01-30 20:22:06,928 INFO osmnx Simplified graph: 4920 to 180 nodes, 9982 to 502 edges
2023-01-30 20:23:01,906 INFO osmnx Begin topologically simplifying the graph...
2023-01-30 20:23:01,986 INFO osmnx Identified 197 edge endpoints
2023-01-30 20:23:02,261 INFO osmnx Simplified graph: 5131 to 197 nodes, 10422 to 554 edges
2023-01-30 20:23:58,699 INFO osmnx Begin topologically simplifying the graph...
2023-01-30 20:23:59,138 INFO osmnx Identified 197 edge endpoints
2023-01-30 20:23:59,414 INFO osmnx Simplified graph: 5131 to 197 nodes, 10422 to 554 edges
2023-01-30 20:24:56,167 INFO osmnx Begin topologically simplifying the graph...
2023-01-30 20:24:56,247 INFO osmnx Identified 197 edge endpoints
2023-01-30 20:24:56,523 INFO osmnx Simplified graph: 5131 to 197 nodes, 10422 to 554 edges
2023-01-30 20:25:56,513 INFO osmnx Begin topologically simplifying the graph...
2023-01-30 20:25:56,595 INFO osmnx Identified 199 edge endpoints
2023-01-30 20:25:56,963 INFO osmnx Simplified graph: 5232 to 199 nodes, 10626 to 560 edges
2023-01-30 20:26:57,050 INFO osmnx Begin topologically simplifying the graph...
2023-01-30 20:26:57,089 INFO osmnx Identified 62 edge endpoints
2023-01-30 20:26:57,224 INFO osmnx Simplified graph: 2460 to 62 nodes, 4928 to 132 edges
2023-01-30 20:27:52,978 INFO osmnx Begin topologically simplifying the graph...
2023-01-30 20:27:52,983 INFO osmnx Identified 4 edge endpoints
2023-01-30 20:27:52,996 INFO osmnx Simplified graph: 253 to 4 nodes, 502 to 4 edges
2023-01-30 20:27:56,806 INFO osmnx Begin topologically simplifying the graph...
2023-01-30 20:27:56,812 INFO osmnx Identified 6 edge endpoints
2023-01-30 20:27:56,834 INFO osmnx Simplified graph: 429 to 6 nodes, 856 to 10 edges
2023-01-30 20:28:10,660 INFO osmnx Begin topologically simplifying the graph...
2023-01-30 20:28:10,669 INFO osmnx Identified 10 edge endpoints
2023-01-30 20:28:10,698 INFO osmnx Simplified graph: 567 to 10 nodes, 1132 to 18 edges
2023-01-30 20:28:30,757 INFO osmnx Begin topologically simplifying the graph...
2023-01-30 20:28:30,769 INFO osmnx Identified 14 edge endpoints
2023-01-30 20:28:30,808 INFO osmnx Simplified graph: 774 to 14 nodes, 1546 to 26 edges
2023-01-30 20:29:10,365 INFO osmnx Begin topologically simplifying the graph...
2023-01-30 20:29:10,379 INFO osmnx Identified 20 edge endpoints
2023-01-30 20:29:10,427 INFO osmnx Simplified graph: 935 to 20 nodes, 1870 to 40 edges
2023-01-30 20:29:54,078 INFO osmnx Begin topologically simplifying the graph...
2023-01-30 20:29:54,094 INFO osmnx Identified 24 edge endpoints
2023-01-30 20:29:54,151 INFO osmnx Simplified graph: 1180 to 24 nodes, 2358 to 46 edges
2023-01-30 20:30:35,817 INFO osmnx Begin topologically simplifying the graph...
2023-01-30 20:30:35,836 INFO osmnx Identified 28 edge endpoints
2023-01-30 20:30:35,903 INFO osmnx Simplified graph: 1390 to 28 nodes, 2780 to 56 edges
2023-01-30 20:31:28,226 INFO osmnx Begin topologically simplifying the graph...
2023-01-30 20:31:28,251 INFO osmnx Identified 32 edge endpoints
2023-01-30 20:31:28,690 INFO osmnx Simplified graph: 1527 to 32 nodes, 3056 to 66 edges
2023-01-30 20:32:19,272 INFO osmnx Begin topologically simplifying the graph...
2023-01-30 20:32:19,298 INFO osmnx Identified 40 edge endpoints
2023-01-30 20:32:19,391 INFO osmnx Simplified graph: 1783 to 40 nodes, 3576 to 90 edges
2023-01-30 20:32:56,989 INFO osmnx Begin topologically simplifying the graph...
2023-01-30 20:32:57,015 INFO osmnx Identified 44 edge endpoints
2023-01-30 20:32:57,107 INFO osmnx Simplified graph: 1871 to 44 nodes, 3756 to 102 edges
2023-01-30 20:33:32,972 INFO osmnx Begin topologically simplifying the graph...
2023-01-30 20:33:33,002 INFO osmnx Identified 48 edge endpoints
2023-01-30 20:33:33,104 INFO osmnx Simplified graph: 2074 to 48 nodes, 4162 to 110 edges
2023-01-30 20:34:30,071 INFO osmnx Begin topologically simplifying the graph...
2023-01-30 20:34:30,107 INFO osmnx Identified 52 edge endpoints
2023-01-30 20:34:30,222 INFO osmnx Simplified graph: 2209 to 52 nodes, 4438 to 124 edges
2023-01-30 20:35:05,721 INFO osmnx Begin topologically simplifying the graph...
2023-01-30 20:35:05,758 INFO osmnx Identified 59 edge endpoints
2023-01-30 20:35:05,886 INFO osmnx Simplified graph: 2564 to 59 nodes, 5152 to 142 edges
2023-01-30 20:35:44,578 INFO osmnx Begin topologically simplifying the graph...
2023-01-30 20:35:44,615 INFO osmnx Identified 59 edge endpoints
2023-01-30 20:35:44,745 INFO osmnx Simplified graph: 2564 to 59 nodes, 5152 to 142 edges
2023-01-30 20:36:23,946 INFO osmnx Begin topologically simplifying the graph...
2023-01-30 20:36:23,988 INFO osmnx Identified 63 edge endpoints
2023-01-30 20:36:24,128 INFO osmnx Simplified graph: 2752 to 63 nodes, 5528 to 150 edges
2023-01-30 20:37:05,164 INFO osmnx Begin topologically simplifying the graph...
2023-01-30 20:37:05,209 INFO osmnx Identified 75 edge endpoints
2023-01-30 20:37:05,358 INFO osmnx Simplified graph: 2960 to 75 nodes, 5954 to 184 edges
2023-01-30 20:37:47,384 INFO osmnx Begin topologically simplifying the graph...
2023-01-30 20:37:47,428 INFO osmnx Identified 79 edge endpoints
2023-01-30 20:37:47,579 INFO osmnx Simplified graph: 3018 to 79 nodes, 6074 to 196 edges
2023-01-30 20:38:29,312 INFO osmnx Begin topologically simplifying the graph...
2023-01-30 20:38:29,360 INFO osmnx Identified 83 edge endpoints
2023-01-30 20:38:29,521 INFO osmnx Simplified graph: 3165 to 83 nodes, 6368 to 204 edges
2023-01-30 20:39:12,437 INFO osmnx Begin topologically simplifying the graph...
2023-01-30 20:39:12,487 INFO osmnx Identified 87 edge endpoints
2023-01-30 20:39:12,659 INFO osmnx Simplified graph: 3255 to 87 nodes, 6550 to 214 edges
2023-01-30 20:39:55,808 INFO osmnx Begin topologically simplifying the graph...
2023-01-30 20:39:55,861 INFO osmnx Identified 91 edge endpoints
2023-01-30 20:39:56,038 INFO osmnx Simplified graph: 3437 to 91 nodes, 6920 to 228 edges
2023-01-30 20:40:41,501 INFO osmnx Begin topologically simplifying the graph...
2023-01-30 20:40:41,557 INFO osmnx Identified 91 edge endpoints
2023-01-30 20:40:41,748 INFO osmnx Simplified graph: 3645 to 91 nodes, 7340 to 232 edges
2023-01-30 20:41:28,675 INFO osmnx Begin topologically simplifying the graph...
2023-01-30 20:41:28,731 INFO osmnx Identified 95 edge endpoints
2023-01-30 20:41:28,921 INFO osmnx Simplified graph: 3748 to 95 nodes, 7550 to 244 edges
2023-01-30 20:42:16,438 INFO osmnx Begin topologically simplifying the graph...
2023-01-30 20:42:16,497 INFO osmnx Identified 103 edge endpoints
2023-01-30 20:42:16,697 INFO osmnx Simplified graph: 3883 to 103 nodes, 7826 to 266 edges
2023-01-30 20:43:05,356 INFO osmnx Begin topologically simplifying the graph...
2023-01-30 20:43:05,415 INFO osmnx Identified 107 edge endpoints
2023-01-30 20:43:05,618 INFO osmnx Simplified graph: 3955 to 107 nodes, 7974 to 278 edges
2023-01-30 20:43:55,238 INFO osmnx Begin topologically simplifying the graph...
2023-01-30 20:43:55,303 INFO osmnx Identified 113 edge endpoints
2023-01-30 20:43:55,514 INFO osmnx Simplified graph: 4086 to 113 nodes, 8242 to 296 edges
2023-01-30 20:44:45,286 INFO osmnx Begin topologically simplifying the graph...
2023-01-30 20:44:45,351 INFO osmnx Identified 118 edge endpoints
2023-01-30 20:44:45,572 INFO osmnx Simplified graph: 4188 to 118 nodes, 8452 to 312 edges
2023-01-30 20:45:35,532 INFO osmnx Begin topologically simplifying the graph...
2023-01-30 20:45:35,597 INFO osmnx Identified 128 edge endpoints
2023-01-30 20:45:35,820 INFO osmnx Simplified graph: 4273 to 128 nodes, 8632 to 342 edges
2023-01-30 20:46:25,995 INFO osmnx Begin topologically simplifying the graph...
2023-01-30 20:46:26,413 INFO osmnx Identified 128 edge endpoints
2023-01-30 20:46:26,637 INFO osmnx Simplified graph: 4273 to 128 nodes, 8632 to 342 edges
2023-01-30 20:47:16,598 INFO osmnx Begin topologically simplifying the graph...
2023-01-30 20:47:16,667 INFO osmnx Identified 144 edge endpoints
2023-01-30 20:47:16,895 INFO osmnx Simplified graph: 4407 to 144 nodes, 8918 to 392 edges
2023-01-30 20:48:07,771 INFO osmnx Begin topologically simplifying the graph...
2023-01-30 20:48:07,843 INFO osmnx Identified 144 edge endpoints
2023-01-30 20:48:08,074 INFO osmnx Simplified graph: 4407 to 144 nodes, 8918 to 392 edges
2023-01-30 20:48:58,976 INFO osmnx Begin topologically simplifying the graph...
2023-01-30 20:48:59,053 INFO osmnx Identified 150 edge endpoints
2023-01-30 20:48:59,288 INFO osmnx Simplified graph: 4504 to 150 nodes, 9118 to 410 edges
2023-01-30 20:49:51,297 INFO osmnx Begin topologically simplifying the graph...
2023-01-30 20:49:51,368 INFO osmnx Identified 156 edge endpoints
2023-01-30 20:49:51,606 INFO osmnx Simplified graph: 4566 to 156 nodes, 9248 to 428 edges
2023-01-30 20:50:43,366 INFO osmnx Begin topologically simplifying the graph...
2023-01-30 20:50:43,437 INFO osmnx Identified 160 edge endpoints
2023-01-30 20:50:43,678 INFO osmnx Simplified graph: 4580 to 160 nodes, 9280 to 440 edges
2023-01-30 20:51:35,857 INFO osmnx Begin topologically simplifying the graph...
2023-01-30 20:51:35,931 INFO osmnx Identified 175 edge endpoints
2023-01-30 20:51:36,179 INFO osmnx Simplified graph: 4715 to 175 nodes, 9566 to 486 edges
2023-01-30 20:52:29,262 INFO osmnx Begin topologically simplifying the graph...
2023-01-30 20:52:29,338 INFO osmnx Identified 180 edge endpoints
2023-01-30 20:52:29,594 INFO osmnx Simplified graph: 4787 to 180 nodes, 9716 to 502 edges
2023-01-30 20:53:22,995 INFO osmnx Begin topologically simplifying the graph...
2023-01-30 20:53:23,072 INFO osmnx Identified 199 edge endpoints
2023-01-30 20:53:23,338 INFO osmnx Simplified graph: 4960 to 199 nodes, 10082 to 560 edges
2023-01-30 20:54:18,348 INFO osmnx Begin topologically simplifying the graph...
2023-01-30 20:54:18,782 INFO osmnx Identified 199 edge endpoints
2023-01-30 20:54:19,052 INFO osmnx Simplified graph: 4960 to 199 nodes, 10082 to 560 edges
2023-01-30 20:55:13,925 INFO osmnx Begin topologically simplifying the graph...
2023-01-30 20:55:14,004 INFO osmnx Identified 199 edge endpoints
2023-01-30 20:55:14,271 INFO osmnx Simplified graph: 4960 to 199 nodes, 10082 to 560 edges
2023-01-30 20:56:08,697 INFO osmnx Begin topologically simplifying the graph...
2023-01-30 20:56:08,775 INFO osmnx Identified 199 edge endpoints
2023-01-30 20:56:09,042 INFO osmnx Simplified graph: 4960 to 199 nodes, 10082 to 560 edges
2023-01-30 20:57:05,721 INFO osmnx Begin topologically simplifying the graph...
2023-01-30 20:57:05,806 INFO osmnx Identified 201 edge endpoints
2023-01-30 20:57:06,088 INFO osmnx Simplified graph: 4977 to 201 nodes, 10118 to 566 edges
2023-01-30 20:58:03,030 INFO osmnx Begin topologically simplifying the graph...
2023-01-30 20:58:03,066 INFO osmnx Identified 56 edge endpoints
2023-01-30 20:58:03,192 INFO osmnx Simplified graph: 2378 to 56 nodes, 4758 to 114 edges
2023-01-30 20:59:01,738 INFO osmnx Begin topologically simplifying the graph...
2023-01-30 20:59:01,743 INFO osmnx Identified 6 edge endpoints
2023-01-30 20:59:01,758 INFO osmnx Simplified graph: 261 to 6 nodes, 518 to 8 edges
2023-01-30 20:59:04,902 INFO osmnx Begin topologically simplifying the graph...
2023-01-30 20:59:04,909 INFO osmnx Identified 8 edge endpoints
2023-01-30 20:59:04,934 INFO osmnx Simplified graph: 483 to 8 nodes, 962 to 12 edges
2023-01-30 20:59:17,650 INFO osmnx Begin topologically simplifying the graph...
2023-01-30 20:59:17,659 INFO osmnx Identified 8 edge endpoints
2023-01-30 20:59:17,690 INFO osmnx Simplified graph: 580 to 8 nodes, 1158 to 14 edges
2023-01-30 20:59:39,071 INFO osmnx Begin topologically simplifying the graph...
2023-01-30 20:59:39,082 INFO osmnx Identified 12 edge endpoints
2023-01-30 20:59:39,124 INFO osmnx Simplified graph: 762 to 12 nodes, 1522 to 22 edges
2023-01-30 21:00:03,380 INFO osmnx Begin topologically simplifying the graph...
2023-01-30 21:00:03,397 INFO osmnx Identified 15 edge endpoints
2023-01-30 21:00:03,444 INFO osmnx Simplified graph: 897 to 15 nodes, 1792 to 28 edges
2023-01-30 21:00:27,296 INFO osmnx Begin topologically simplifying the graph...
2023-01-30 21:00:27,739 INFO osmnx Identified 25 edge endpoints
2023-01-30 21:00:27,801 INFO osmnx Simplified graph: 1127 to 25 nodes, 2256 to 52 edges
2023-01-30 21:00:55,282 INFO osmnx Begin topologically simplifying the graph...
2023-01-30 21:00:55,303 INFO osmnx Identified 27 edge endpoints
2023-01-30 21:00:55,367 INFO osmnx Simplified graph: 1251 to 27 nodes, 2506 to 58 edges
2023-01-30 21:01:22,389 INFO osmnx Begin topologically simplifying the graph...
2023-01-30 21:01:22,408 INFO osmnx Identified 29 edge endpoints
2023-01-30 21:01:22,482 INFO osmnx Simplified graph: 1396 to 29 nodes, 2798 to 64 edges
2023-01-30 21:01:51,047 INFO osmnx Begin topologically simplifying the graph...
2023-01-30 21:01:51,069 INFO osmnx Identified 33 edge endpoints
2023-01-30 21:01:51,153 INFO osmnx Simplified graph: 1534 to 33 nodes, 3076 to 74 edges
2023-01-30 21:02:22,569 INFO osmnx Begin topologically simplifying the graph...
2023-01-30 21:02:22,597 INFO osmnx Identified 37 edge endpoints
2023-01-30 21:02:22,690 INFO osmnx Simplified graph: 1726 to 37 nodes, 3460 to 82 edges
2023-01-30 21:02:54,586 INFO osmnx Begin topologically simplifying the graph...
2023-01-30 21:02:54,614 INFO osmnx Identified 45 edge endpoints
2023-01-30 21:02:54,720 INFO osmnx Simplified graph: 1917 to 45 nodes, 3848 to 104 edges
2023-01-30 21:03:26,615 INFO osmnx Begin topologically simplifying the graph...
2023-01-30 21:03:26,645 INFO osmnx Identified 46 edge endpoints
2023-01-30 21:03:26,751 INFO osmnx Simplified graph: 1961 to 46 nodes, 3938 to 108 edges
2023-01-30 21:03:58,949 INFO osmnx Begin topologically simplifying the graph...
2023-01-30 21:03:58,983 INFO osmnx Identified 50 edge endpoints
2023-01-30 21:03:59,099 INFO osmnx Simplified graph: 2159 to 50 nodes, 4334 to 116 edges
2023-01-30 21:04:34,454 INFO osmnx Begin topologically simplifying the graph...
2023-01-30 21:04:34,490 INFO osmnx Identified 54 edge endpoints
2023-01-30 21:04:34,614 INFO osmnx Simplified graph: 2361 to 54 nodes, 4736 to 122 edges
2023-01-30 21:05:34,198 INFO osmnx Begin topologically simplifying the graph...
2023-01-30 21:05:34,236 INFO osmnx Identified 60 edge endpoints
2023-01-30 21:05:34,365 INFO osmnx Simplified graph: 2475 to 60 nodes, 4968 to 138 edges
2023-01-30 21:06:34,821 INFO osmnx Begin topologically simplifying the graph...
2023-01-30 21:06:34,861 INFO osmnx Identified 66 edge endpoints
2023-01-30 21:06:35,005 INFO osmnx Simplified graph: 2695 to 66 nodes, 5412 to 154 edges
2023-01-30 21:07:15,249 INFO osmnx Begin topologically simplifying the graph...
2023-01-30 21:07:15,295 INFO osmnx Identified 70 edge endpoints
2023-01-30 21:07:15,452 INFO osmnx Simplified graph: 2939 to 70 nodes, 5902 to 164 edges
2023-01-30 21:07:57,422 INFO osmnx Begin topologically simplifying the graph...
2023-01-30 21:07:57,471 INFO osmnx Identified 76 edge endpoints
2023-01-30 21:07:57,636 INFO osmnx Simplified graph: 3074 to 76 nodes, 6174 to 178 edges
2023-01-30 21:08:40,111 INFO osmnx Begin topologically simplifying the graph...
2023-01-30 21:08:40,160 INFO osmnx Identified 80 edge endpoints
2023-01-30 21:08:40,330 INFO osmnx Simplified graph: 3111 to 80 nodes, 6252 to 190 edges
2023-01-30 21:09:24,675 INFO osmnx Begin topologically simplifying the graph...
2023-01-30 21:09:24,726 INFO osmnx Identified 82 edge endpoints
2023-01-30 21:09:24,903 INFO osmnx Simplified graph: 3236 to 82 nodes, 6508 to 200 edges
2023-01-30 21:10:08,693 INFO osmnx Begin topologically simplifying the graph...
2023-01-30 21:10:08,747 INFO osmnx Identified 92 edge endpoints
2023-01-30 21:10:08,932 INFO osmnx Simplified graph: 3445 to 92 nodes, 6936 to 230 edges
2023-01-30 21:10:53,797 INFO osmnx Begin topologically simplifying the graph...
2023-01-30 21:10:53,851 INFO osmnx Identified 92 edge endpoints
2023-01-30 21:10:54,035 INFO osmnx Simplified graph: 3445 to 92 nodes, 6936 to 230 edges
2023-01-30 21:11:39,434 INFO osmnx Begin topologically simplifying the graph...
2023-01-30 21:11:39,491 INFO osmnx Identified 102 edge endpoints
2023-01-30 21:11:39,693 INFO osmnx Simplified graph: 3673 to 102 nodes, 7400 to 258 edges
2023-01-30 21:12:26,272 INFO osmnx Begin topologically simplifying the graph...
2023-01-30 21:12:26,328 INFO osmnx Identified 102 edge endpoints
2023-01-30 21:12:26,525 INFO osmnx Simplified graph: 3673 to 102 nodes, 7400 to 258 edges
2023-01-30 21:13:13,511 INFO osmnx Begin topologically simplifying the graph...
2023-01-30 21:13:13,571 INFO osmnx Identified 103 edge endpoints
2023-01-30 21:13:13,775 INFO osmnx Simplified graph: 3751 to 103 nodes, 7558 to 262 edges
2023-01-30 21:14:00,676 INFO osmnx Begin topologically simplifying the graph...
2023-01-30 21:14:00,739 INFO osmnx Identified 110 edge endpoints
2023-01-30 21:14:00,954 INFO osmnx Simplified graph: 3891 to 110 nodes, 7846 to 284 edges
2023-01-30 21:14:48,888 INFO osmnx Begin topologically simplifying the graph...
2023-01-30 21:14:48,951 INFO osmnx Identified 116 edge endpoints
2023-01-30 21:14:49,163 INFO osmnx Simplified graph: 3950 to 116 nodes, 7970 to 302 edges
2023-01-30 21:15:37,373 INFO osmnx Begin topologically simplifying the graph...
2023-01-30 21:15:37,434 INFO osmnx Identified 118 edge endpoints
2023-01-30 21:15:37,647 INFO osmnx Simplified graph: 4001 to 118 nodes, 8074 to 308 edges
2023-01-30 21:16:27,236 INFO osmnx Begin topologically simplifying the graph...
2023-01-30 21:16:27,302 INFO osmnx Identified 126 edge endpoints
2023-01-30 21:16:27,527 INFO osmnx Simplified graph: 4149 to 126 nodes, 8380 to 334 edges
2023-01-30 21:17:17,599 INFO osmnx Begin topologically simplifying the graph...
2023-01-30 21:17:17,667 INFO osmnx Identified 132 edge endpoints
2023-01-30 21:17:17,898 INFO osmnx Simplified graph: 4286 to 132 nodes, 8660 to 352 edges
2023-01-30 21:18:08,886 INFO osmnx Begin topologically simplifying the graph...
2023-01-30 21:18:08,957 INFO osmnx Identified 134 edge endpoints
2023-01-30 21:18:09,200 INFO osmnx Simplified graph: 4490 to 134 nodes, 9072 to 360 edges
2023-01-30 21:19:02,673 INFO osmnx Begin topologically simplifying the graph...
2023-01-30 21:19:02,749 INFO osmnx Identified 142 edge endpoints
2023-01-30 21:19:02,998 INFO osmnx Simplified graph: 4566 to 142 nodes, 9232 to 384 edges
2023-01-30 21:19:56,080 INFO osmnx Begin topologically simplifying the graph...
2023-01-30 21:19:56,157 INFO osmnx Identified 150 edge endpoints
2023-01-30 21:19:56,423 INFO osmnx Simplified graph: 4776 to 150 nodes, 9662 to 410 edges
2023-01-30 21:20:50,540 INFO osmnx Begin topologically simplifying the graph...
2023-01-30 21:20:50,619 INFO osmnx Identified 162 edge endpoints
2023-01-30 21:20:50,897 INFO osmnx Simplified graph: 4961 to 162 nodes, 10044 to 446 edges
2023-01-30 21:21:47,567 INFO osmnx Begin topologically simplifying the graph...
2023-01-30 21:21:47,647 INFO osmnx Identified 162 edge endpoints
2023-01-30 21:21:47,930 INFO osmnx Simplified graph: 4961 to 162 nodes, 10044 to 446 edges
2023-01-30 21:22:44,532 INFO osmnx Begin topologically simplifying the graph...
2023-01-30 21:22:44,612 INFO osmnx Identified 162 edge endpoints
2023-01-30 21:22:44,884 INFO osmnx Simplified graph: 4961 to 162 nodes, 10044 to 446 edges
2023-01-30 21:23:41,038 INFO osmnx Begin topologically simplifying the graph...
2023-01-30 21:23:41,563 INFO osmnx Identified 183 edge endpoints
2023-01-30 21:23:41,847 INFO osmnx Simplified graph: 5111 to 183 nodes, 10366 to 510 edges
2023-01-30 21:24:39,486 INFO osmnx Begin topologically simplifying the graph...
2023-01-30 21:24:39,569 INFO osmnx Identified 183 edge endpoints
2023-01-30 21:24:39,862 INFO osmnx Simplified graph: 5111 to 183 nodes, 10366 to 510 edges
2023-01-30 21:25:36,978 INFO osmnx Begin topologically simplifying the graph...
2023-01-30 21:25:37,065 INFO osmnx Identified 183 edge endpoints
2023-01-30 21:25:37,352 INFO osmnx Simplified graph: 5111 to 183 nodes, 10366 to 510 edges
2023-01-30 21:26:35,539 INFO osmnx Begin topologically simplifying the graph...
2023-01-30 21:26:35,622 INFO osmnx Identified 183 edge endpoints
2023-01-30 21:26:35,905 INFO osmnx Simplified graph: 5111 to 183 nodes, 10366 to 510 edges
2023-01-30 21:27:33,766 INFO osmnx Begin topologically simplifying the graph...
2023-01-30 21:27:33,800 INFO osmnx Identified 64 edge endpoints
2023-01-30 21:27:33,920 INFO osmnx Simplified graph: 2287 to 64 nodes, 4580 to 134 edges
2023-01-30 21:28:30,789 INFO osmnx Begin topologically simplifying the graph...
2023-01-30 21:28:30,793 INFO osmnx Identified 6 edge endpoints
2023-01-30 21:28:30,808 INFO osmnx Simplified graph: 261 to 6 nodes, 518 to 8 edges
2023-01-30 21:28:33,946 INFO osmnx Begin topologically simplifying the graph...
2023-01-30 21:28:33,953 INFO osmnx Identified 8 edge endpoints
2023-01-30 21:28:33,978 INFO osmnx Simplified graph: 483 to 8 nodes, 962 to 12 edges
2023-01-30 21:28:46,654 INFO osmnx Begin topologically simplifying the graph...
2023-01-30 21:28:46,663 INFO osmnx Identified 8 edge endpoints
2023-01-30 21:28:46,695 INFO osmnx Simplified graph: 580 to 8 nodes, 1158 to 14 edges
2023-01-30 21:29:07,924 INFO osmnx Begin topologically simplifying the graph...
2023-01-30 21:29:07,939 INFO osmnx Identified 12 edge endpoints
2023-01-30 21:29:07,979 INFO osmnx Simplified graph: 783 to 12 nodes, 1564 to 22 edges
2023-01-30 21:29:32,254 INFO osmnx Begin topologically simplifying the graph...
2023-01-30 21:29:32,268 INFO osmnx Identified 20 edge endpoints
2023-01-30 21:29:32,319 INFO osmnx Simplified graph: 954 to 20 nodes, 1910 to 42 edges
2023-01-30 21:29:57,550 INFO osmnx Begin topologically simplifying the graph...
2023-01-30 21:29:57,566 INFO osmnx Identified 24 edge endpoints
2023-01-30 21:29:57,625 INFO osmnx Simplified graph: 1080 to 24 nodes, 2162 to 50 edges
2023-01-30 21:30:25,515 INFO osmnx Begin topologically simplifying the graph...
2023-01-30 21:30:25,534 INFO osmnx Identified 27 edge endpoints
2023-01-30 21:30:25,601 INFO osmnx Simplified graph: 1251 to 27 nodes, 2506 to 58 edges
2023-01-30 21:30:52,776 INFO osmnx Begin topologically simplifying the graph...
2023-01-30 21:30:52,795 INFO osmnx Identified 29 edge endpoints
2023-01-30 21:30:52,865 INFO osmnx Simplified graph: 1375 to 29 nodes, 2756 to 64 edges
2023-01-30 21:31:19,970 INFO osmnx Begin topologically simplifying the graph...
2023-01-30 21:31:19,994 INFO osmnx Identified 37 edge endpoints
2023-01-30 21:31:20,078 INFO osmnx Simplified graph: 1602 to 37 nodes, 3214 to 84 edges
2023-01-30 21:31:49,720 INFO osmnx Begin topologically simplifying the graph...
2023-01-30 21:31:49,751 INFO osmnx Identified 43 edge endpoints
2023-01-30 21:31:49,853 INFO osmnx Simplified graph: 1910 to 43 nodes, 3828 to 94 edges
2023-01-30 21:32:43,223 INFO osmnx Begin topologically simplifying the graph...
2023-01-30 21:32:43,252 INFO osmnx Identified 49 edge endpoints
2023-01-30 21:32:43,356 INFO osmnx Simplified graph: 1990 to 49 nodes, 3994 to 112 edges
2023-01-30 21:33:34,295 INFO osmnx Begin topologically simplifying the graph...
2023-01-30 21:33:34,778 INFO osmnx Identified 56 edge endpoints
2023-01-30 21:33:34,893 INFO osmnx Simplified graph: 2161 to 56 nodes, 4342 to 132 edges
2023-01-30 21:34:10,191 INFO osmnx Begin topologically simplifying the graph...
2023-01-30 21:34:10,226 INFO osmnx Identified 60 edge endpoints
2023-01-30 21:34:10,353 INFO osmnx Simplified graph: 2375 to 60 nodes, 4772 to 142 edges
2023-01-30 21:34:48,005 INFO osmnx Begin topologically simplifying the graph...
2023-01-30 21:34:48,043 INFO osmnx Identified 62 edge endpoints
2023-01-30 21:34:48,173 INFO osmnx Simplified graph: 2442 to 62 nodes, 4908 to 148 edges
2023-01-30 21:35:24,582 INFO osmnx Begin topologically simplifying the graph...
2023-01-30 21:35:24,624 INFO osmnx Identified 66 edge endpoints
2023-01-30 21:35:24,769 INFO osmnx Simplified graph: 2589 to 66 nodes, 5202 to 156 edges
2023-01-30 21:36:03,975 INFO osmnx Begin topologically simplifying the graph...
2023-01-30 21:36:04,021 INFO osmnx Identified 74 edge endpoints
2023-01-30 21:36:04,174 INFO osmnx Simplified graph: 2883 to 74 nodes, 5796 to 178 edges
2023-01-30 21:36:44,902 INFO osmnx Begin topologically simplifying the graph...
2023-01-30 21:36:44,946 INFO osmnx Identified 74 edge endpoints
2023-01-30 21:36:45,097 INFO osmnx Simplified graph: 2883 to 74 nodes, 5796 to 178 edges
2023-01-30 21:37:25,462 INFO osmnx Begin topologically simplifying the graph...
2023-01-30 21:37:25,948 INFO osmnx Identified 82 edge endpoints
2023-01-30 21:37:26,115 INFO osmnx Simplified graph: 3102 to 82 nodes, 6236 to 196 edges
2023-01-30 21:38:09,064 INFO osmnx Begin topologically simplifying the graph...
2023-01-30 21:38:09,110 INFO osmnx Identified 82 edge endpoints
2023-01-30 21:38:09,274 INFO osmnx Simplified graph: 3102 to 82 nodes, 6236 to 196 edges
2023-01-30 21:38:51,898 INFO osmnx Begin topologically simplifying the graph...
2023-01-30 21:38:51,947 INFO osmnx Identified 84 edge endpoints
2023-01-30 21:38:52,124 INFO osmnx Simplified graph: 3232 to 84 nodes, 6502 to 206 edges
2023-01-30 21:39:36,406 INFO osmnx Begin topologically simplifying the graph...
2023-01-30 21:39:36,462 INFO osmnx Identified 88 edge endpoints
2023-01-30 21:39:36,656 INFO osmnx Simplified graph: 3496 to 88 nodes, 7036 to 220 edges
2023-01-30 21:40:23,360 INFO osmnx Begin topologically simplifying the graph...
2023-01-30 21:40:23,415 INFO osmnx Identified 88 edge endpoints
2023-01-30 21:40:23,602 INFO osmnx Simplified graph: 3496 to 88 nodes, 7036 to 220 edges
2023-01-30 21:41:09,673 INFO osmnx Begin topologically simplifying the graph...
2023-01-30 21:41:09,731 INFO osmnx Identified 102 edge endpoints
2023-01-30 21:41:09,931 INFO osmnx Simplified graph: 3693 to 102 nodes, 7442 to 260 edges
2023-01-30 21:41:56,951 INFO osmnx Begin topologically simplifying the graph...
2023-01-30 21:41:57,010 INFO osmnx Identified 102 edge endpoints
2023-01-30 21:41:57,210 INFO osmnx Simplified graph: 3693 to 102 nodes, 7442 to 260 edges
2023-01-30 21:42:43,902 INFO osmnx Begin topologically simplifying the graph...
2023-01-30 21:42:43,959 INFO osmnx Identified 104 edge endpoints
2023-01-30 21:42:44,171 INFO osmnx Simplified graph: 3740 to 104 nodes, 7538 to 266 edges
2023-01-30 21:43:32,131 INFO osmnx Begin topologically simplifying the graph...
2023-01-30 21:43:32,192 INFO osmnx Identified 113 edge endpoints
2023-01-30 21:43:32,404 INFO osmnx Simplified graph: 3930 to 113 nodes, 7928 to 294 edges
2023-01-30 21:44:21,047 INFO osmnx Begin topologically simplifying the graph...
2023-01-30 21:44:21,108 INFO osmnx Identified 113 edge endpoints
2023-01-30 21:44:21,326 INFO osmnx Simplified graph: 3930 to 113 nodes, 7928 to 294 edges
2023-01-30 21:45:10,388 INFO osmnx Begin topologically simplifying the graph...
2023-01-30 21:45:10,450 INFO osmnx Identified 119 edge endpoints
2023-01-30 21:45:10,666 INFO osmnx Simplified graph: 3985 to 119 nodes, 8044 to 312 edges
2023-01-30 21:45:59,488 INFO osmnx Begin topologically simplifying the graph...
2023-01-30 21:45:59,980 INFO osmnx Identified 121 edge endpoints
2023-01-30 21:46:00,198 INFO osmnx Simplified graph: 4036 to 121 nodes, 8148 to 318 edges
2023-01-30 21:46:49,898 INFO osmnx Begin topologically simplifying the graph...
2023-01-30 21:46:49,963 INFO osmnx Identified 135 edge endpoints
2023-01-30 21:46:50,186 INFO osmnx Simplified graph: 4146 to 135 nodes, 8382 to 360 edges
2023-01-30 21:47:40,803 INFO osmnx Begin topologically simplifying the graph...
2023-01-30 21:47:40,872 INFO osmnx Identified 143 edge endpoints
2023-01-30 21:47:41,110 INFO osmnx Simplified graph: 4365 to 143 nodes, 8828 to 384 edges
2023-01-30 21:48:33,488 INFO osmnx Begin topologically simplifying the graph...
2023-01-30 21:48:33,565 INFO osmnx Identified 153 edge endpoints
2023-01-30 21:48:33,829 INFO osmnx Simplified graph: 4646 to 153 nodes, 9402 to 416 edges
2023-01-30 21:49:28,009 INFO osmnx Begin topologically simplifying the graph...
2023-01-30 21:49:28,082 INFO osmnx Identified 153 edge endpoints
2023-01-30 21:49:28,342 INFO osmnx Simplified graph: 4646 to 153 nodes, 9402 to 416 edges
2023-01-30 21:50:22,602 INFO osmnx Begin topologically simplifying the graph...
2023-01-30 21:50:22,677 INFO osmnx Identified 158 edge endpoints
2023-01-30 21:50:22,939 INFO osmnx Simplified graph: 4778 to 158 nodes, 9674 to 434 edges
2023-01-30 21:51:18,783 INFO osmnx Begin topologically simplifying the graph...
2023-01-30 21:51:18,863 INFO osmnx Identified 176 edge endpoints
2023-01-30 21:51:19,139 INFO osmnx Simplified graph: 5010 to 176 nodes, 10156 to 488 edges
2023-01-30 21:52:16,070 INFO osmnx Begin topologically simplifying the graph...
2023-01-30 21:52:16,152 INFO osmnx Identified 176 edge endpoints
2023-01-30 21:52:16,440 INFO osmnx Simplified graph: 5010 to 176 nodes, 10156 to 488 edges
2023-01-30 21:53:13,600 INFO osmnx Begin topologically simplifying the graph...
2023-01-30 21:53:14,104 INFO osmnx Identified 176 edge endpoints
2023-01-30 21:53:14,380 INFO osmnx Simplified graph: 5010 to 176 nodes, 10156 to 488 edges
2023-01-30 21:54:11,355 INFO osmnx Begin topologically simplifying the graph...
2023-01-30 21:54:11,435 INFO osmnx Identified 176 edge endpoints
2023-01-30 21:54:11,712 INFO osmnx Simplified graph: 5010 to 176 nodes, 10156 to 488 edges
2023-01-30 21:55:08,855 INFO osmnx Begin topologically simplifying the graph...
2023-01-30 21:55:08,943 INFO osmnx Identified 193 edge endpoints
2023-01-30 21:55:09,228 INFO osmnx Simplified graph: 5126 to 193 nodes, 10406 to 540 edges
2023-01-30 21:56:07,711 INFO osmnx Begin topologically simplifying the graph...
2023-01-30 21:56:07,795 INFO osmnx Identified 193 edge endpoints
2023-01-30 21:56:08,079 INFO osmnx Simplified graph: 5126 to 193 nodes, 10406 to 540 edges
2023-01-30 21:57:05,883 INFO osmnx Begin topologically simplifying the graph...
2023-01-30 21:57:05,917 INFO osmnx Identified 66 edge endpoints
2023-01-30 21:57:06,039 INFO osmnx Simplified graph: 2287 to 66 nodes, 4582 to 140 edges
2023-01-31 09:25:14,666 INFO osmnx Configured OSMnx
2023-01-31 09:31:26,166 INFO osmnx Configured OSMnx
2023-01-31 10:38:32,941 INFO osmnx Configured OSMnx
2023-01-31 12:36:03,039 INFO osmnx Configured OSMnx
2023-01-31 14:19:37,335 INFO osmnx Begin topologically simplifying the graph...
2023-01-31 14:19:37,341 INFO osmnx Identified 4 edge endpoints
2023-01-31 14:19:37,361 INFO osmnx Simplified graph: 326 to 4 nodes, 650 to 6 edges
2023-01-31 14:19:44,535 INFO osmnx Begin topologically simplifying the graph...
2023-01-31 14:19:44,545 INFO osmnx Identified 8 edge endpoints
2023-01-31 14:19:44,577 INFO osmnx Simplified graph: 624 to 8 nodes, 1248 to 16 edges
2023-01-31 14:20:06,293 INFO osmnx Begin topologically simplifying the graph...
2023-01-31 14:20:06,306 INFO osmnx Identified 10 edge endpoints
2023-01-31 14:20:06,349 INFO osmnx Simplified graph: 821 to 10 nodes, 1642 to 20 edges
2023-01-31 14:20:31,625 INFO osmnx Begin topologically simplifying the graph...
2023-01-31 14:20:31,644 INFO osmnx Identified 14 edge endpoints
2023-01-31 14:20:31,697 INFO osmnx Simplified graph: 1081 to 14 nodes, 2162 to 28 edges
2023-01-31 14:21:02,088 INFO osmnx Begin topologically simplifying the graph...
2023-01-31 14:21:02,105 INFO osmnx Identified 14 edge endpoints
2023-01-31 14:21:02,170 INFO osmnx Simplified graph: 1247 to 14 nodes, 2494 to 28 edges
2023-01-31 14:21:36,250 INFO osmnx Begin topologically simplifying the graph...
2023-01-31 14:21:36,270 INFO osmnx Identified 24 edge endpoints
2023-01-31 14:21:36,338 INFO osmnx Simplified graph: 1417 to 24 nodes, 2840 to 54 edges
2023-01-31 14:22:10,487 INFO osmnx Begin topologically simplifying the graph...
2023-01-31 14:22:10,518 INFO osmnx Identified 30 edge endpoints
2023-01-31 14:22:10,620 INFO osmnx Simplified graph: 1852 to 30 nodes, 3712 to 68 edges
2023-01-31 14:22:48,553 INFO osmnx Begin topologically simplifying the graph...
2023-01-31 14:22:48,580 INFO osmnx Identified 32 edge endpoints
2023-01-31 14:22:48,675 INFO osmnx Simplified graph: 1954 to 32 nodes, 3916 to 72 edges
2023-01-31 14:23:27,121 INFO osmnx Begin topologically simplifying the graph...
2023-01-31 14:23:27,151 INFO osmnx Identified 38 edge endpoints
2023-01-31 14:23:27,255 INFO osmnx Simplified graph: 2173 to 38 nodes, 4354 to 84 edges
2023-01-31 14:24:07,440 INFO osmnx Begin topologically simplifying the graph...
2023-01-31 14:24:07,477 INFO osmnx Identified 46 edge endpoints
2023-01-31 14:24:07,607 INFO osmnx Simplified graph: 2583 to 46 nodes, 5174 to 100 edges
2023-01-31 14:24:52,741 INFO osmnx Begin topologically simplifying the graph...
2023-01-31 14:24:52,782 INFO osmnx Identified 46 edge endpoints
2023-01-31 14:24:52,911 INFO osmnx Simplified graph: 2630 to 46 nodes, 5268 to 100 edges
2023-01-31 14:25:39,126 INFO osmnx Begin topologically simplifying the graph...
2023-01-31 14:25:39,168 INFO osmnx Identified 49 edge endpoints
2023-01-31 14:25:39,304 INFO osmnx Simplified graph: 2809 to 49 nodes, 5628 to 108 edges
2023-01-31 14:26:26,184 INFO osmnx Begin topologically simplifying the graph...
2023-01-31 14:26:26,344 INFO osmnx Identified 51 edge endpoints
2023-01-31 14:26:26,494 INFO osmnx Simplified graph: 2989 to 51 nodes, 5990 to 114 edges
2023-01-31 14:27:14,403 INFO osmnx Begin topologically simplifying the graph...
2023-01-31 14:27:14,450 INFO osmnx Identified 59 edge endpoints
2023-01-31 14:27:14,609 INFO osmnx Simplified graph: 3170 to 59 nodes, 6356 to 134 edges
2023-01-31 14:28:02,891 INFO osmnx Begin topologically simplifying the graph...
2023-01-31 14:28:02,941 INFO osmnx Identified 75 edge endpoints
2023-01-31 14:28:03,114 INFO osmnx Simplified graph: 3465 to 75 nodes, 6964 to 184 edges
2023-01-31 14:28:53,960 INFO osmnx Begin topologically simplifying the graph...
2023-01-31 14:28:54,015 INFO osmnx Identified 77 edge endpoints
2023-01-31 14:28:54,198 INFO osmnx Simplified graph: 3588 to 77 nodes, 7214 to 192 edges
2023-01-31 14:29:45,036 INFO osmnx Begin topologically simplifying the graph...
2023-01-31 14:29:45,210 INFO osmnx Identified 85 edge endpoints
2023-01-31 14:29:45,410 INFO osmnx Simplified graph: 3816 to 85 nodes, 7676 to 214 edges
2023-01-31 14:37:26,314 INFO osmnx Begin topologically simplifying the graph...
2023-01-31 14:37:26,381 INFO osmnx Identified 97 edge endpoints
2023-01-31 14:37:26,590 INFO osmnx Simplified graph: 3999 to 97 nodes, 8054 to 250 edges
2023-01-31 14:38:25,472 INFO osmnx Begin topologically simplifying the graph...
2023-01-31 14:38:25,541 INFO osmnx Identified 97 edge endpoints
2023-01-31 14:38:25,783 INFO osmnx Simplified graph: 3999 to 97 nodes, 8054 to 250 edges
2023-01-31 14:39:21,061 INFO osmnx Begin topologically simplifying the graph...
2023-01-31 14:39:21,255 INFO osmnx Identified 101 edge endpoints
2023-01-31 14:39:21,484 INFO osmnx Simplified graph: 4192 to 101 nodes, 8446 to 264 edges
2023-01-31 14:40:19,023 INFO osmnx Begin topologically simplifying the graph...
2023-01-31 14:40:19,092 INFO osmnx Identified 105 edge endpoints
2023-01-31 14:40:19,344 INFO osmnx Simplified graph: 4332 to 105 nodes, 8730 to 276 edges
2023-01-31 14:41:18,118 INFO osmnx Begin topologically simplifying the graph...
2023-01-31 14:41:18,188 INFO osmnx Identified 115 edge endpoints
2023-01-31 14:41:18,419 INFO osmnx Simplified graph: 4426 to 115 nodes, 8928 to 306 edges
2023-01-31 14:42:16,629 INFO osmnx Begin topologically simplifying the graph...
2023-01-31 14:42:16,700 INFO osmnx Identified 120 edge endpoints
2023-01-31 14:42:16,947 INFO osmnx Simplified graph: 4630 to 120 nodes, 9342 to 322 edges
2023-01-31 14:43:17,404 INFO osmnx Begin topologically simplifying the graph...
2023-01-31 14:43:17,599 INFO osmnx Identified 120 edge endpoints
2023-01-31 14:43:17,849 INFO osmnx Simplified graph: 4630 to 120 nodes, 9342 to 322 edges
2023-01-31 14:44:20,458 INFO osmnx Begin topologically simplifying the graph...
2023-01-31 14:44:20,547 INFO osmnx Identified 140 edge endpoints
2023-01-31 14:44:20,849 INFO osmnx Simplified graph: 4806 to 140 nodes, 9712 to 380 edges
2023-01-31 14:45:25,399 INFO osmnx Begin topologically simplifying the graph...
2023-01-31 14:45:25,480 INFO osmnx Identified 149 edge endpoints
2023-01-31 14:45:25,765 INFO osmnx Simplified graph: 4952 to 149 nodes, 10014 to 408 edges
2023-01-31 14:46:31,544 INFO osmnx Begin topologically simplifying the graph...
2023-01-31 14:46:31,629 INFO osmnx Identified 153 edge endpoints
2023-01-31 14:46:31,917 INFO osmnx Simplified graph: 5072 to 153 nodes, 10258 to 420 edges
2023-01-31 14:47:36,183 INFO osmnx Begin topologically simplifying the graph...
2023-01-31 14:47:36,396 INFO osmnx Identified 156 edge endpoints
2023-01-31 14:47:36,693 INFO osmnx Simplified graph: 5157 to 156 nodes, 10432 to 430 edges
2023-01-31 14:48:43,356 INFO osmnx Begin topologically simplifying the graph...
2023-01-31 14:48:43,582 INFO osmnx Identified 162 edge endpoints
2023-01-31 14:48:43,880 INFO osmnx Simplified graph: 5302 to 162 nodes, 10730 to 450 edges
2023-01-31 14:49:52,148 INFO osmnx Begin topologically simplifying the graph...
2023-01-31 14:49:52,421 INFO osmnx Identified 168 edge endpoints
2023-01-31 14:49:52,742 INFO osmnx Simplified graph: 5414 to 168 nodes, 10960 to 468 edges
2023-01-31 14:51:01,645 INFO osmnx Begin topologically simplifying the graph...
2023-01-31 14:51:01,738 INFO osmnx Identified 174 edge endpoints
2023-01-31 14:51:02,050 INFO osmnx Simplified graph: 5522 to 174 nodes, 11182 to 486 edges
2023-01-31 14:52:11,362 INFO osmnx Begin topologically simplifying the graph...
2023-01-31 14:52:11,463 INFO osmnx Identified 196 edge endpoints
2023-01-31 14:52:11,782 INFO osmnx Simplified graph: 5851 to 196 nodes, 11864 to 554 edges
2023-01-31 14:53:24,688 INFO osmnx Begin topologically simplifying the graph...
2023-01-31 14:53:24,789 INFO osmnx Identified 196 edge endpoints
2023-01-31 14:53:25,132 INFO osmnx Simplified graph: 5851 to 196 nodes, 11864 to 554 edges
2023-01-31 14:54:37,468 INFO osmnx Begin topologically simplifying the graph...
2023-01-31 14:54:37,567 INFO osmnx Identified 196 edge endpoints
2023-01-31 14:54:37,893 INFO osmnx Simplified graph: 5851 to 196 nodes, 11864 to 554 edges
2023-01-31 14:55:50,224 INFO osmnx Begin topologically simplifying the graph...
2023-01-31 14:55:50,337 INFO osmnx Identified 223 edge endpoints
2023-01-31 14:55:50,696 INFO osmnx Simplified graph: 6195 to 223 nodes, 12582 to 638 edges
2023-01-31 14:57:04,138 INFO osmnx Begin topologically simplifying the graph...
2023-01-31 14:57:04,253 INFO osmnx Identified 223 edge endpoints
2023-01-31 14:57:04,617 INFO osmnx Simplified graph: 6195 to 223 nodes, 12582 to 638 edges
2023-01-31 14:58:19,102 INFO osmnx Begin topologically simplifying the graph...
2023-01-31 14:58:19,223 INFO osmnx Identified 251 edge endpoints
2023-01-31 14:58:19,616 INFO osmnx Simplified graph: 6608 to 251 nodes, 13442 to 728 edges
2023-01-31 14:59:40,671 INFO osmnx Begin topologically simplifying the graph...
2023-01-31 14:59:40,787 INFO osmnx Identified 251 edge endpoints
2023-01-31 14:59:41,151 INFO osmnx Simplified graph: 6608 to 251 nodes, 13442 to 728 edges
2023-01-31 15:01:01,073 INFO osmnx Begin topologically simplifying the graph...
2023-01-31 15:01:01,190 INFO osmnx Identified 251 edge endpoints
2023-01-31 15:01:01,570 INFO osmnx Simplified graph: 6608 to 251 nodes, 13442 to 728 edges
2023-01-31 15:02:20,268 INFO osmnx Begin topologically simplifying the graph...
2023-01-31 15:02:20,386 INFO osmnx Identified 251 edge endpoints
2023-01-31 15:02:20,788 INFO osmnx Simplified graph: 6608 to 251 nodes, 13442 to 728 edges
2023-01-31 15:03:38,735 INFO osmnx Begin topologically simplifying the graph...
2023-01-31 15:03:38,782 INFO osmnx Identified 60 edge endpoints
2023-01-31 15:03:38,945 INFO osmnx Simplified graph: 2880 to 60 nodes, 5768 to 128 edges
2023-01-31 15:04:57,540 INFO osmnx Begin topologically simplifying the graph...
2023-01-31 15:04:57,545 INFO osmnx Identified 6 edge endpoints
2023-01-31 15:04:57,557 INFO osmnx Simplified graph: 232 to 6 nodes, 460 to 8 edges
2023-01-31 15:05:01,051 INFO osmnx Begin topologically simplifying the graph...
2023-01-31 15:05:01,059 INFO osmnx Identified 10 edge endpoints
2023-01-31 15:05:01,085 INFO osmnx Simplified graph: 486 to 10 nodes, 970 to 18 edges
2023-01-31 15:05:17,911 INFO osmnx Begin topologically simplifying the graph...
2023-01-31 15:05:17,922 INFO osmnx Identified 12 edge endpoints
2023-01-31 15:05:17,955 INFO osmnx Simplified graph: 606 to 12 nodes, 1212 to 24 edges
2023-01-31 15:05:36,205 INFO osmnx Begin topologically simplifying the graph...
2023-01-31 15:05:36,347 INFO osmnx Identified 15 edge endpoints
2023-01-31 15:05:36,393 INFO osmnx Simplified graph: 856 to 15 nodes, 1712 to 30 edges
2023-01-31 15:06:00,596 INFO osmnx Begin topologically simplifying the graph...
2023-01-31 15:06:00,612 INFO osmnx Identified 17 edge endpoints
2023-01-31 15:06:00,668 INFO osmnx Simplified graph: 1000 to 17 nodes, 2000 to 34 edges
2023-01-31 15:06:27,103 INFO osmnx Begin topologically simplifying the graph...
2023-01-31 15:06:27,120 INFO osmnx Identified 21 edge endpoints
2023-01-31 15:06:27,184 INFO osmnx Simplified graph: 1173 to 21 nodes, 2344 to 40 edges
2023-01-31 15:07:12,097 INFO osmnx Begin topologically simplifying the graph...
2023-01-31 15:07:12,118 INFO osmnx Identified 27 edge endpoints
2023-01-31 15:07:12,195 INFO osmnx Simplified graph: 1404 to 27 nodes, 2806 to 52 edges
2023-01-31 15:08:09,554 INFO osmnx Begin topologically simplifying the graph...
2023-01-31 15:08:09,578 INFO osmnx Identified 27 edge endpoints
2023-01-31 15:08:09,659 INFO osmnx Simplified graph: 1518 to 27 nodes, 3036 to 54 edges
2023-01-31 15:08:43,434 INFO osmnx Begin topologically simplifying the graph...
2023-01-31 15:08:43,463 INFO osmnx Identified 28 edge endpoints
2023-01-31 15:08:43,556 INFO osmnx Simplified graph: 1727 to 28 nodes, 3460 to 62 edges
2023-01-31 15:09:20,843 INFO osmnx Begin topologically simplifying the graph...
2023-01-31 15:09:20,872 INFO osmnx Identified 38 edge endpoints
2023-01-31 15:09:20,973 INFO osmnx Simplified graph: 2028 to 38 nodes, 4066 to 86 edges
2023-01-31 15:09:58,825 INFO osmnx Begin topologically simplifying the graph...
2023-01-31 15:09:58,981 INFO osmnx Identified 38 edge endpoints
2023-01-31 15:09:59,096 INFO osmnx Simplified graph: 2028 to 38 nodes, 4066 to 86 edges
2023-01-31 15:10:36,996 INFO osmnx Begin topologically simplifying the graph...
2023-01-31 15:10:37,033 INFO osmnx Identified 40 edge endpoints
2023-01-31 15:10:37,148 INFO osmnx Simplified graph: 2148 to 40 nodes, 4306 to 90 edges
2023-01-31 15:11:16,284 INFO osmnx Begin topologically simplifying the graph...
2023-01-31 15:11:16,321 INFO osmnx Identified 44 edge endpoints
2023-01-31 15:11:16,453 INFO osmnx Simplified graph: 2377 to 44 nodes, 4766 to 100 edges
2023-01-31 15:11:58,517 INFO osmnx Begin topologically simplifying the graph...
2023-01-31 15:11:58,562 INFO osmnx Identified 50 edge endpoints
2023-01-31 15:11:58,711 INFO osmnx Simplified graph: 2651 to 50 nodes, 5316 to 114 edges
2023-01-31 15:15:56,716 INFO osmnx Configured OSMnx
2023-01-31 15:16:21,322 INFO osmnx Begin topologically simplifying the graph...
2023-01-31 15:16:21,328 INFO osmnx Identified 4 edge endpoints
2023-01-31 15:16:21,347 INFO osmnx Simplified graph: 326 to 4 nodes, 650 to 6 edges
2023-01-31 15:16:28,912 INFO osmnx Begin topologically simplifying the graph...
2023-01-31 15:16:28,925 INFO osmnx Identified 8 edge endpoints
2023-01-31 15:16:28,959 INFO osmnx Simplified graph: 624 to 8 nodes, 1248 to 16 edges
2023-01-31 15:16:53,595 INFO osmnx Begin topologically simplifying the graph...
2023-01-31 15:16:53,608 INFO osmnx Identified 10 edge endpoints
2023-01-31 15:16:53,655 INFO osmnx Simplified graph: 821 to 10 nodes, 1642 to 20 edges
2023-01-31 15:17:19,849 INFO osmnx Begin topologically simplifying the graph...
2023-01-31 15:17:19,865 INFO osmnx Identified 14 edge endpoints
2023-01-31 15:17:19,923 INFO osmnx Simplified graph: 1081 to 14 nodes, 2162 to 28 edges
2023-01-31 15:17:52,092 INFO osmnx Begin topologically simplifying the graph...
2023-01-31 15:17:52,111 INFO osmnx Identified 14 edge endpoints
2023-01-31 15:17:52,180 INFO osmnx Simplified graph: 1247 to 14 nodes, 2494 to 28 edges
2023-01-31 15:18:28,626 INFO osmnx Begin topologically simplifying the graph...
2023-01-31 15:18:28,648 INFO osmnx Identified 24 edge endpoints
2023-01-31 15:18:28,726 INFO osmnx Simplified graph: 1417 to 24 nodes, 2840 to 54 edges
2023-01-31 15:19:04,647 INFO osmnx Begin topologically simplifying the graph...
2023-01-31 15:19:05,053 INFO osmnx Identified 30 edge endpoints
2023-01-31 15:19:05,163 INFO osmnx Simplified graph: 1852 to 30 nodes, 3712 to 68 edges
2023-01-31 15:19:44,318 INFO osmnx Begin topologically simplifying the graph...
2023-01-31 15:19:44,349 INFO osmnx Identified 32 edge endpoints
2023-01-31 15:19:44,462 INFO osmnx Simplified graph: 1954 to 32 nodes, 3916 to 72 edges
2023-02-01 10:35:03,474 INFO osmnx Configured OSMnx
